{
  "numTotalTestSuites": 1,
  "numPassedTestSuites": 0,
  "numFailedTestSuites": 1,
  "numPendingTestSuites": 0,
  "numTotalTests": 12,
  "numPassedTests": 4,
  "numFailedTests": 8,
  "numPendingTests": 0,
  "numTodoTests": 0,
  "snapshot": {
    "added": 0,
    "failure": false,
    "filesAdded": 0,
    "filesRemoved": 0,
    "filesRemovedList": [],
    "filesUnmatched": 0,
    "filesUpdated": 0,
    "matched": 0,
    "total": 0,
    "unchecked": 0,
    "uncheckedKeysByFile": [],
    "unmatched": 0,
    "updated": 0,
    "didUpdate": false
  },
  "startTime": 1754840019966,
  "success": false,
  "testResults": [
    {
      "assertionResults": [
        {
          "ancestorTitles": [],
          "fullName": "draws rgb(175, 52, 80) pixel",
          "status": "passed",
          "title": "draws rgb(175, 52, 80) pixel",
          "duration": 13.442299999999989,
          "failureMessages": [],
          "meta": {}
        },
        {
          "ancestorTitles": [],
          "fullName": "draws rgb(175, 52, 81) pixel",
          "status": "passed",
          "title": "draws rgb(175, 52, 81) pixel",
          "duration": 8.181399999999996,
          "failureMessages": [],
          "meta": {}
        },
        {
          "ancestorTitles": [],
          "fullName": "draws rgb(175, 52, 82) pixel",
          "status": "failed",
          "title": "draws rgb(175, 52, 82) pixel",
          "duration": 17.168499999999995,
          "failureMessages": [
            "AssertionError: expected { r: 175, g: 52, b: 81 } to deeply equal { r: 175, g: 52, b: 82 }\n    at C:\\tep\\sharp-usage-example\\test\\index.test.js:70:31\n    at file:///C:/tep/sharp-usage-example/node_modules/.pnpm/@vitest+runner@3.2.4/node_modules/@vitest/runner/dist/chunk-hooks.js:752:20"
          ],
          "meta": {}
        },
        {
          "ancestorTitles": [],
          "fullName": "draws rgb(175, 52, 83) pixel",
          "status": "passed",
          "title": "draws rgb(175, 52, 83) pixel",
          "duration": 8.942799999999977,
          "failureMessages": [],
          "meta": {}
        },
        {
          "ancestorTitles": [],
          "fullName": "draws rgb(175, 52, 84) pixel",
          "status": "failed",
          "title": "draws rgb(175, 52, 84) pixel",
          "duration": 9.17040000000003,
          "failureMessages": [
            "AssertionError: expected { r: 175, g: 52, b: 83 } to deeply equal { r: 175, g: 52, b: 84 }\n    at C:\\tep\\sharp-usage-example\\test\\index.test.js:70:31\n    at file:///C:/tep/sharp-usage-example/node_modules/.pnpm/@vitest+runner@3.2.4/node_modules/@vitest/runner/dist/chunk-hooks.js:752:20"
          ],
          "meta": {}
        },
        {
          "ancestorTitles": [],
          "fullName": "draws rgb(175, 52, 85) pixel",
          "status": "failed",
          "title": "draws rgb(175, 52, 85) pixel",
          "duration": 9.664800000000014,
          "failureMessages": [
            "AssertionError: expected { r: 176, g: 52, b: 86 } to deeply equal { r: 175, g: 52, b: 85 }\n    at C:\\tep\\sharp-usage-example\\test\\index.test.js:70:31\n    at file:///C:/tep/sharp-usage-example/node_modules/.pnpm/@vitest+runner@3.2.4/node_modules/@vitest/runner/dist/chunk-hooks.js:752:20"
          ],
          "meta": {}
        },
        {
          "ancestorTitles": [],
          "fullName": "draws rgb(176, 52, 80) pixel",
          "status": "passed",
          "title": "draws rgb(176, 52, 80) pixel",
          "duration": 7.978299999999933,
          "failureMessages": [],
          "meta": {}
        },
        {
          "ancestorTitles": [],
          "fullName": "draws rgb(176, 52, 81) pixel",
          "status": "failed",
          "title": "draws rgb(176, 52, 81) pixel",
          "duration": 8.92100000000005,
          "failureMessages": [
            "AssertionError: expected { r: 176, g: 51, b: 81 } to deeply equal { r: 176, g: 52, b: 81 }\n    at C:\\tep\\sharp-usage-example\\test\\index.test.js:70:31\n    at file:///C:/tep/sharp-usage-example/node_modules/.pnpm/@vitest+runner@3.2.4/node_modules/@vitest/runner/dist/chunk-hooks.js:752:20"
          ],
          "meta": {}
        },
        {
          "ancestorTitles": [],
          "fullName": "draws rgb(176, 52, 82) pixel",
          "status": "failed",
          "title": "draws rgb(176, 52, 82) pixel",
          "duration": 8.59579999999994,
          "failureMessages": [
            "AssertionError: expected { r: 176, g: 51, b: 81 } to deeply equal { r: 176, g: 52, b: 82 }\n    at C:\\tep\\sharp-usage-example\\test\\index.test.js:70:31\n    at file:///C:/tep/sharp-usage-example/node_modules/.pnpm/@vitest+runner@3.2.4/node_modules/@vitest/runner/dist/chunk-hooks.js:752:20"
          ],
          "meta": {}
        },
        {
          "ancestorTitles": [],
          "fullName": "draws rgb(176, 52, 83) pixel",
          "status": "failed",
          "title": "draws rgb(176, 52, 83) pixel",
          "duration": 9.167900000000031,
          "failureMessages": [
            "AssertionError: expected { r: 176, g: 53, b: 84 } to deeply equal { r: 176, g: 52, b: 83 }\n    at C:\\tep\\sharp-usage-example\\test\\index.test.js:70:31\n    at file:///C:/tep/sharp-usage-example/node_modules/.pnpm/@vitest+runner@3.2.4/node_modules/@vitest/runner/dist/chunk-hooks.js:752:20"
          ],
          "meta": {}
        },
        {
          "ancestorTitles": [],
          "fullName": "draws rgb(176, 52, 84) pixel",
          "status": "failed",
          "title": "draws rgb(176, 52, 84) pixel",
          "duration": 8.252500000000055,
          "failureMessages": [
            "AssertionError: expected { r: 176, g: 53, b: 84 } to deeply equal { r: 176, g: 52, b: 84 }\n    at C:\\tep\\sharp-usage-example\\test\\index.test.js:70:31\n    at file:///C:/tep/sharp-usage-example/node_modules/.pnpm/@vitest+runner@3.2.4/node_modules/@vitest/runner/dist/chunk-hooks.js:752:20"
          ],
          "meta": {}
        },
        {
          "ancestorTitles": [],
          "fullName": "draws rgb(176, 52, 85) pixel",
          "status": "failed",
          "title": "draws rgb(176, 52, 85) pixel",
          "duration": 9.315400000000068,
          "failureMessages": [
            "AssertionError: expected { r: 176, g: 52, b: 86 } to deeply equal { r: 176, g: 52, b: 85 }\n    at C:\\tep\\sharp-usage-example\\test\\index.test.js:70:31\n    at file:///C:/tep/sharp-usage-example/node_modules/.pnpm/@vitest+runner@3.2.4/node_modules/@vitest/runner/dist/chunk-hooks.js:752:20"
          ],
          "meta": {}
        }
      ],
      "startTime": 1754840020433,
      "endTime": 1754840020551.3154,
      "status": "failed",
      "message": "",
      "name": "C:/tep/sharp-usage-example/test/index.test.js"
    }
  ]
}
